<?xml version="1.0" encoding="UTF-8"?>
<!-- Generated by org.testng.reporters.JUnitXMLReporter -->
<testsuite ignored="0" hostname="MJ9FF9G422" failures="1" tests="1" name="Dependency Test" time="0.013" errors="0" timestamp="2023-10-17T14:08:30 SAST">
  <testcase classname="testcases.TestCase3" name="validateTitles" time="0.002">
    <failure type="java.lang.NullPointerException" message="Cannot invoke &amp;quot;org.testng.asserts.SoftAssert.assertEquals(String, String)&amp;quot; because &amp;quot;softAssert&amp;quot; is null">
      <![CDATA[java.lang.NullPointerException: Cannot invoke "org.testng.asserts.SoftAssert.assertEquals(String, String)" because "softAssert" is null
at testcases.TestCase3.validateTitles(TestCase3.java:23)
at java.base/java.util.ArrayList.forEach(ArrayList.java:1511)
... Removed 27 stack frames]]>
    </failure>
  </testcase> <!-- validateTitles -->
</testsuite> <!-- Dependency Test -->
