<?xml version="1.0" encoding="UTF-8"?>
<testng-results ignored="0" total="8" passed="5" failed="1" skipped="2">
  <reporter-output>
  </reporter-output>
  <suite started-at="2023-10-19T22:16:58 SAST" name="Default suite" finished-at="2023-10-19T22:17:31 SAST" duration-ms="32873">
    <groups>
    </groups>
    <test started-at="2023-10-19T22:16:58 SAST" name="Default test" finished-at="2023-10-19T22:17:31 SAST" duration-ms="32873">
      <class name="Assignment_3_Verify_added_items_to_cart.Assignment3">
        <test-method is-config="true" signature="setWebDriver()[pri:0, instance:Assignment_3_Verify_added_items_to_cart.Assignment3@70ed52de]" started-at="2023-10-19T22:16:58 SAST" name="setWebDriver" finished-at="2023-10-19T22:16:58 SAST" duration-ms="14" status="PASS">
          <reporter-output>
          </reporter-output>
        </test-method> <!-- setWebDriver -->
        <test-method signature="launchWebDriver()[pri:1, instance:Assignment_3_Verify_added_items_to_cart.Assignment3@70ed52de]" started-at="2023-10-19T22:16:58 SAST" name="launchWebDriver" finished-at="2023-10-19T22:17:02 SAST" duration-ms="4591" status="PASS">
          <reporter-output>
          </reporter-output>
        </test-method> <!-- launchWebDriver -->
        <test-method signature="launchBrowser()[pri:2, instance:Assignment_3_Verify_added_items_to_cart.Assignment3@70ed52de]" started-at="2023-10-19T22:17:02 SAST" name="launchBrowser" finished-at="2023-10-19T22:17:18 SAST" depends-on-methods="Assignment_3_Verify_added_items_to_cart.Assignment3.launchWebDriver" duration-ms="15058" status="PASS">
          <reporter-output>
          </reporter-output>
        </test-method> <!-- launchBrowser -->
        <test-method signature="clickAndSearchIcon()[pri:3, instance:Assignment_3_Verify_added_items_to_cart.Assignment3@70ed52de]" started-at="2023-10-19T22:17:18 SAST" name="clickAndSearchIcon" finished-at="2023-10-19T22:17:22 SAST" depends-on-methods="Assignment_3_Verify_added_items_to_cart.Assignment3.launchBrowser" duration-ms="4383" status="PASS">
          <reporter-output>
          </reporter-output>
        </test-method> <!-- clickAndSearchIcon -->
        <test-method signature="selectItem()[pri:4, instance:Assignment_3_Verify_added_items_to_cart.Assignment3@70ed52de]" started-at="2023-10-19T22:17:22 SAST" name="selectItem" finished-at="2023-10-19T22:17:25 SAST" depends-on-methods="Assignment_3_Verify_added_items_to_cart.Assignment3.clickAndSearchIcon" duration-ms="3304" status="PASS">
          <reporter-output>
          </reporter-output>
        </test-method> <!-- selectItem -->
        <test-method signature="searchPhoneFromList()[pri:5, instance:Assignment_3_Verify_added_items_to_cart.Assignment3@70ed52de]" started-at="2023-10-19T22:17:25 SAST" name="searchPhoneFromList" finished-at="2023-10-19T22:17:31 SAST" depends-on-methods="Assignment_3_Verify_added_items_to_cart.Assignment3.selectItem" duration-ms="5273" status="PASS">
          <reporter-output>
          </reporter-output>
        </test-method> <!-- searchPhoneFromList -->
        <test-method signature="addToCart()[pri:6, instance:Assignment_3_Verify_added_items_to_cart.Assignment3@70ed52de]" started-at="2023-10-19T22:17:31 SAST" name="addToCart" finished-at="2023-10-19T22:17:31 SAST" depends-on-methods="Assignment_3_Verify_added_items_to_cart.Assignment3.searchPhoneFromList" duration-ms="29" status="FAIL">
          <exception class="org.openqa.selenium.InvalidSelectorException">
            <message>
              <![CDATA[Given xpath expression "#add-to-cart-button" is invalid: SyntaxError: Document.evaluate: The expression is not a legal expression
For documentation on this error, please visit: https://www.selenium.dev/documentation/webdriver/troubleshooting/errors#invalid-selector-exception
Build info: version: '4.11.0', revision: '040bc5406b'
System info: os.name: 'Mac OS X', os.arch: 'x86_64', os.version: '13.6', java.version: '17.0.2'
Driver info: org.openqa.selenium.firefox.FirefoxDriver
Command: [e38ef559-e443-4301-9f18-c1e8adaf217e, findElement {using=xpath, value=#add-to-cart-button}]
Capabilities {acceptInsecureCerts: true, browserName: firefox, browserVersion: 118.0.2, moz:accessibilityChecks: false, moz:buildID: 20231009140911, moz:debuggerAddress: 127.0.0.1:33128, moz:geckodriverVersion: 0.33.0, moz:headless: false, moz:platformVersion: 22.6.0, moz:processID: 59366, moz:profile: /var/folders/qh/qttjn65s3m5..., moz:shutdownTimeout: 60000, moz:webdriverClick: true, moz:windowless: false, pageLoadStrategy: normal, platformName: mac, proxy: Proxy(), se:cdp: ws://127.0.0.1:33128/devtoo..., se:cdpVersion: 85.0, setWindowRect: true, strictFileInteractability: false, timeouts: {implicit: 0, pageLoad: 300000, script: 30000}, unhandledPromptBehavior: dismiss and notify}
Session ID: e38ef559-e443-4301-9f18-c1e8adaf217e]]>
            </message>
            <full-stacktrace>
              <![CDATA[org.openqa.selenium.InvalidSelectorException: Given xpath expression "#add-to-cart-button" is invalid: SyntaxError: Document.evaluate: The expression is not a legal expression
For documentation on this error, please visit: https://www.selenium.dev/documentation/webdriver/troubleshooting/errors#invalid-selector-exception
Build info: version: '4.11.0', revision: '040bc5406b'
System info: os.name: 'Mac OS X', os.arch: 'x86_64', os.version: '13.6', java.version: '17.0.2'
Driver info: org.openqa.selenium.firefox.FirefoxDriver
Command: [e38ef559-e443-4301-9f18-c1e8adaf217e, findElement {using=xpath, value=#add-to-cart-button}]
Capabilities {acceptInsecureCerts: true, browserName: firefox, browserVersion: 118.0.2, moz:accessibilityChecks: false, moz:buildID: 20231009140911, moz:debuggerAddress: 127.0.0.1:33128, moz:geckodriverVersion: 0.33.0, moz:headless: false, moz:platformVersion: 22.6.0, moz:processID: 59366, moz:profile: /var/folders/qh/qttjn65s3m5..., moz:shutdownTimeout: 60000, moz:webdriverClick: true, moz:windowless: false, pageLoadStrategy: normal, platformName: mac, proxy: Proxy(), se:cdp: ws://127.0.0.1:33128/devtoo..., se:cdpVersion: 85.0, setWindowRect: true, strictFileInteractability: false, timeouts: {implicit: 0, pageLoad: 300000, script: 30000}, unhandledPromptBehavior: dismiss and notify}
Session ID: e38ef559-e443-4301-9f18-c1e8adaf217e
at java.base/jdk.internal.reflect.NativeConstructorAccessorImpl.newInstance0(Native Method)
at java.base/jdk.internal.reflect.NativeConstructorAccessorImpl.newInstance(NativeConstructorAccessorImpl.java:77)
at java.base/jdk.internal.reflect.DelegatingConstructorAccessorImpl.newInstance(DelegatingConstructorAccessorImpl.java:45)
at java.base/java.lang.reflect.Constructor.newInstanceWithCaller(Constructor.java:499)
at java.base/java.lang.reflect.Constructor.newInstance(Constructor.java:480)
at org.openqa.selenium.remote.codec.w3c.W3CHttpResponseCodec.createException(W3CHttpResponseCodec.java:200)
at org.openqa.selenium.remote.codec.w3c.W3CHttpResponseCodec.decode(W3CHttpResponseCodec.java:133)
at org.openqa.selenium.remote.codec.w3c.W3CHttpResponseCodec.decode(W3CHttpResponseCodec.java:52)
at org.openqa.selenium.remote.HttpCommandExecutor.execute(HttpCommandExecutor.java:191)
at org.openqa.selenium.remote.service.DriverCommandExecutor.invokeExecute(DriverCommandExecutor.java:196)
at org.openqa.selenium.remote.service.DriverCommandExecutor.execute(DriverCommandExecutor.java:171)
at org.openqa.selenium.remote.RemoteWebDriver.execute(RemoteWebDriver.java:518)
at org.openqa.selenium.remote.ElementLocation$ElementFinder$2.findElement(ElementLocation.java:165)
at org.openqa.selenium.remote.ElementLocation.findElement(ElementLocation.java:59)
at org.openqa.selenium.remote.RemoteWebDriver.findElement(RemoteWebDriver.java:355)
at org.openqa.selenium.remote.RemoteWebDriver.findElement(RemoteWebDriver.java:349)
at Assignment_3_Verify_added_items_to_cart.Assignment3.addToCart(Assignment3.java:76)
at java.base/jdk.internal.reflect.NativeMethodAccessorImpl.invoke0(Native Method)
at java.base/jdk.internal.reflect.NativeMethodAccessorImpl.invoke(NativeMethodAccessorImpl.java:77)
at java.base/jdk.internal.reflect.DelegatingMethodAccessorImpl.invoke(DelegatingMethodAccessorImpl.java:43)
at java.base/java.lang.reflect.Method.invoke(Method.java:568)
at org.testng.internal.invokers.MethodInvocationHelper.invokeMethod(MethodInvocationHelper.java:139)
at org.testng.internal.invokers.TestInvoker.invokeMethod(TestInvoker.java:664)
at org.testng.internal.invokers.TestInvoker.invokeTestMethod(TestInvoker.java:227)
at org.testng.internal.invokers.MethodRunner.runInSequence(MethodRunner.java:50)
at org.testng.internal.invokers.TestInvoker$MethodInvocationAgent.invoke(TestInvoker.java:957)
at org.testng.internal.invokers.TestInvoker.invokeTestMethods(TestInvoker.java:200)
at org.testng.internal.invokers.TestMethodWorker.invokeTestMethods(TestMethodWorker.java:148)
at org.testng.internal.invokers.TestMethodWorker.run(TestMethodWorker.java:128)
at java.base/java.util.ArrayList.forEach(ArrayList.java:1511)
at org.testng.TestRunner.privateRun(TestRunner.java:848)
at org.testng.TestRunner.run(TestRunner.java:621)
at org.testng.SuiteRunner.runTest(SuiteRunner.java:443)
at org.testng.SuiteRunner.runSequentially(SuiteRunner.java:437)
at org.testng.SuiteRunner.privateRun(SuiteRunner.java:397)
at org.testng.SuiteRunner.run(SuiteRunner.java:336)
at org.testng.SuiteRunnerWorker.runSuite(SuiteRunnerWorker.java:52)
at org.testng.SuiteRunnerWorker.run(SuiteRunnerWorker.java:95)
at org.testng.TestNG.runSuitesSequentially(TestNG.java:1280)
at org.testng.TestNG.runSuitesLocally(TestNG.java:1200)
at org.testng.TestNG.runSuites(TestNG.java:1114)
at org.testng.TestNG.run(TestNG.java:1082)
at org.testng.remote.AbstractRemoteTestNG.run(AbstractRemoteTestNG.java:115)
at org.testng.remote.RemoteTestNG.initAndRun(RemoteTestNG.java:251)
at org.testng.remote.RemoteTestNG.main(RemoteTestNG.java:77)
]]>
            </full-stacktrace>
          </exception> <!-- org.openqa.selenium.InvalidSelectorException -->
          <reporter-output>
          </reporter-output>
        </test-method> <!-- addToCart -->
        <test-method signature="cartButton()[pri:7, instance:Assignment_3_Verify_added_items_to_cart.Assignment3@70ed52de]" started-at="2023-10-19T22:17:31 SAST" name="cartButton" finished-at="2023-10-19T22:17:31 SAST" depends-on-methods="Assignment_3_Verify_added_items_to_cart.Assignment3.addToCart" duration-ms="0" status="SKIP">
          <exception class="java.lang.Throwable">
            <message>
              <![CDATA[Method Assignment_3_Verify_added_items_to_cart.Assignment3.cartButton() on instance Assignment_3_Verify_added_items_to_cart.Assignment3@70ed52de depends on not successfully finished methods 
[Assignment_3_Verify_added_items_to_cart.Assignment3.addToCart() on instance Assignment_3_Verify_added_items_to_cart.Assignment3@70ed52de]]]>
            </message>
            <full-stacktrace>
              <![CDATA[java.lang.Throwable: Method Assignment_3_Verify_added_items_to_cart.Assignment3.cartButton() on instance Assignment_3_Verify_added_items_to_cart.Assignment3@70ed52de depends on not successfully finished methods 
[Assignment_3_Verify_added_items_to_cart.Assignment3.addToCart() on instance Assignment_3_Verify_added_items_to_cart.Assignment3@70ed52de]
at org.testng.internal.invokers.TestInvoker.invokeTestMethods(TestInvoker.java:156)
at org.testng.internal.invokers.TestMethodWorker.invokeTestMethods(TestMethodWorker.java:148)
at org.testng.internal.invokers.TestMethodWorker.run(TestMethodWorker.java:128)
at java.base/java.util.ArrayList.forEach(ArrayList.java:1511)
at org.testng.TestRunner.privateRun(TestRunner.java:848)
at org.testng.TestRunner.run(TestRunner.java:621)
at org.testng.SuiteRunner.runTest(SuiteRunner.java:443)
at org.testng.SuiteRunner.runSequentially(SuiteRunner.java:437)
at org.testng.SuiteRunner.privateRun(SuiteRunner.java:397)
at org.testng.SuiteRunner.run(SuiteRunner.java:336)
at org.testng.SuiteRunnerWorker.runSuite(SuiteRunnerWorker.java:52)
at org.testng.SuiteRunnerWorker.run(SuiteRunnerWorker.java:95)
at org.testng.TestNG.runSuitesSequentially(TestNG.java:1280)
at org.testng.TestNG.runSuitesLocally(TestNG.java:1200)
at org.testng.TestNG.runSuites(TestNG.java:1114)
at org.testng.TestNG.run(TestNG.java:1082)
at org.testng.remote.AbstractRemoteTestNG.run(AbstractRemoteTestNG.java:115)
at org.testng.remote.RemoteTestNG.initAndRun(RemoteTestNG.java:251)
at org.testng.remote.RemoteTestNG.main(RemoteTestNG.java:77)
]]>
            </full-stacktrace>
          </exception> <!-- java.lang.Throwable -->
          <reporter-output>
          </reporter-output>
        </test-method> <!-- cartButton -->
        <test-method signature="checkItem()[pri:8, instance:Assignment_3_Verify_added_items_to_cart.Assignment3@70ed52de]" started-at="2023-10-19T22:17:31 SAST" name="checkItem" finished-at="2023-10-19T22:17:31 SAST" depends-on-methods="Assignment_3_Verify_added_items_to_cart.Assignment3.cartButton" duration-ms="0" status="SKIP">
          <exception class="java.lang.Throwable">
            <message>
              <![CDATA[Method Assignment_3_Verify_added_items_to_cart.Assignment3.checkItem() on instance Assignment_3_Verify_added_items_to_cart.Assignment3@70ed52de depends on not successfully finished methods 
[Assignment_3_Verify_added_items_to_cart.Assignment3.cartButton() on instance Assignment_3_Verify_added_items_to_cart.Assignment3@70ed52de]]]>
            </message>
            <full-stacktrace>
              <![CDATA[java.lang.Throwable: Method Assignment_3_Verify_added_items_to_cart.Assignment3.checkItem() on instance Assignment_3_Verify_added_items_to_cart.Assignment3@70ed52de depends on not successfully finished methods 
[Assignment_3_Verify_added_items_to_cart.Assignment3.cartButton() on instance Assignment_3_Verify_added_items_to_cart.Assignment3@70ed52de]
at org.testng.internal.invokers.TestInvoker.invokeTestMethods(TestInvoker.java:156)
at org.testng.internal.invokers.TestMethodWorker.invokeTestMethods(TestMethodWorker.java:148)
at org.testng.internal.invokers.TestMethodWorker.run(TestMethodWorker.java:128)
at java.base/java.util.ArrayList.forEach(ArrayList.java:1511)
at org.testng.TestRunner.privateRun(TestRunner.java:848)
at org.testng.TestRunner.run(TestRunner.java:621)
at org.testng.SuiteRunner.runTest(SuiteRunner.java:443)
at org.testng.SuiteRunner.runSequentially(SuiteRunner.java:437)
at org.testng.SuiteRunner.privateRun(SuiteRunner.java:397)
at org.testng.SuiteRunner.run(SuiteRunner.java:336)
at org.testng.SuiteRunnerWorker.runSuite(SuiteRunnerWorker.java:52)
at org.testng.SuiteRunnerWorker.run(SuiteRunnerWorker.java:95)
at org.testng.TestNG.runSuitesSequentially(TestNG.java:1280)
at org.testng.TestNG.runSuitesLocally(TestNG.java:1200)
at org.testng.TestNG.runSuites(TestNG.java:1114)
at org.testng.TestNG.run(TestNG.java:1082)
at org.testng.remote.AbstractRemoteTestNG.run(AbstractRemoteTestNG.java:115)
at org.testng.remote.RemoteTestNG.initAndRun(RemoteTestNG.java:251)
at org.testng.remote.RemoteTestNG.main(RemoteTestNG.java:77)
]]>
            </full-stacktrace>
          </exception> <!-- java.lang.Throwable -->
          <reporter-output>
          </reporter-output>
        </test-method> <!-- checkItem -->
        <test-method is-config="true" signature="exit()[pri:0, instance:Assignment_3_Verify_added_items_to_cart.Assignment3@70ed52de]" started-at="2023-10-19T22:17:31 SAST" name="exit" finished-at="2023-10-19T22:17:31 SAST" duration-ms="105" status="PASS">
          <reporter-output>
          </reporter-output>
        </test-method> <!-- exit -->
      </class> <!-- Assignment_3_Verify_added_items_to_cart.Assignment3 -->
    </test> <!-- Default test -->
  </suite> <!-- Default suite -->
</testng-results>
